OrderedDict({'cedula': 1461840, 'nombre': 'CELSO LEON', 'apellido': 'VILLALBA LOPEZ', 'fec_nac': 9320727, 'sexo': 2, 'direcc': '', 'lug_nac': ''})
OrderedDict({'cedula': 38071, 'nombre': 'CARLOS', 'apellido': 'RODI', 'fec_nac': 8770906, 'sexo': 2, 'direcc': '', 'lug_nac': ''})
OrderedDict({'cedula': 20789, 'nombre': 'MARIA FRANCISCA', 'apellido': 'CORONEL', 'fec_nac': 8840705, 'sexo': 1, 'direcc': '', 'lug_nac': ''})
OrderedDict({'cedula': 1687194, 'nombre': 'DANIEL', 'apellido': 'RAURICH CAFFERA', 'fec_nac': 9510402, 'sexo': 2, 'direcc': '', 'lug_nac': ''})
OrderedDict({'cedula': 2315886, 'nombre': 'ANETTE', 'apellido': 'FLACHSMEIER DE GOSSE', 'fec_nac': 9621227, 'sexo': 2, 'direcc': '', 'lug_nac': ''})
OrderedDict({'cedula': 2315540, 'nombre': 'LORA KAY', 'apellido': 'SIPOS', 'fec_nac': 9501005, 'sexo': 2, 'direcc': '', 'lug_nac': ''})
OrderedDict({'cedula': 2316118, 'nombre': 'GUNTER JOACHIM', 'apellido': 'HALLMANN', 'fec_nac': 9331206, 'sexo': 2, 'direcc': '', 'lug_nac': ''})
OrderedDict({'cedula': 2166959, 'nombre': 'NORMA AMY', 'apellido': 'MILLER', 'fec_nac': 9550922, 'sexo': 1, 'direcc': '', 'lug_nac': ''})
OrderedDict({'cedula': 2167555, 'nombre': 'FERNANDO RAMON', 'apellido': 'FERNANDEZ CASTRO', 'fec_nac': 9600601, 'sexo': 2, 'direcc': '', 'lug_nac': ''})
OrderedDict({'cedula': 1926879, 'nombre': 'MARIA ANGELICA', 'apellido': 'YASIUSKI NICOLAICHUK', 'fec_nac': 3190310, 'sexo': 1, 'direcc': '', 'lug_nac': ''})
OrderedDict({'cedula': 1930025, 'nombre': 'ANTONIA', 'apellido': 'CENTURION PAVANHA', 'fec_nac': 9690501, 'sexo': 1, 'direcc': '', 'lug_nac': ''})
OrderedDict({'cedula': 2168961, 'nombre': 'GEORG', 'apellido': 'BINSTEINER', 'fec_nac': 9361212, 'sexo': 2, 'direcc': '', 'lug_nac': ''})
OrderedDict({'cedula': 1158253, 'nombre': 'LIN', 'apellido': 'CHING CHIH', 'fec_nac': 9431212, 'sexo': 2, 'direcc': '', 'lug_nac': ''})
OrderedDict({'cedula': 998109, 'nombre': 'WONG', 'apellido': 'MAN LUNG', 'fec_nac': 9440704, 'sexo': 2, 'direcc': '', 'lug_nac': ''})
OrderedDict({'cedula': 1004556, 'nombre': 'SETSUKO', 'apellido': 'STO', 'fec_nac': 9361212, 'sexo': 2, 'direcc': '', 'lug_nac': ''})
OrderedDict({'cedula': 130341, 'nombre': 'YSAAK', 'apellido': 'FRIESSEN', 'fec_nac': 9231111, 'sexo': 2, 'direcc': '', 'lug_nac': ''})
OrderedDict({'cedula': 1483633, 'nombre': 'CHEN', 'apellido': 'YUEH JIA', 'fec_nac': 9760613, 'sexo': 2, 'direcc': '', 'lug_nac': ''})
OrderedDict({'cedula': 1791303, 'nombre': 'ELENA SUSANA', 'apellido': 'CZZESZY DE BUNEHUK', 'fec_nac': 9650921, 'sexo': 1, 'direcc': '', 'lug_nac': ''})
OrderedDict({'cedula': 687742, 'nombre': 'FREDRICH', 'apellido': 'LEONARD HALSEY', 'fec_nac': 9320706, 'sexo': 2, 'direcc': '', 'lug_nac': ''})
OrderedDict({'cedula': 922564, 'nombre': 'HYON', 'apellido': 'CHU LEE', 'fec_nac': 9620602, 'sexo': 2, 'direcc': '', 'lug_nac': ''})
OrderedDict({'cedula': 974532, 'nombre': 'KORNELIUS', 'apellido': 'WALL NEUFELD', 'fec_nac': 9360103, 'sexo': 2, 'direcc': '', 'lug_nac': ''})
OrderedDict({'cedula': 2387252, 'nombre': 'DANIEL', 'apellido': 'INDERMUHLE', 'fec_nac': 9290423, 'sexo': 2, 'direcc': '', 'lug_nac': ''})
OrderedDict({'cedula': 2387679, 'nombre': 'VALARIE LOU', 'apellido': 'URBAN', 'fec_nac': 9530424, 'sexo': 2, 'direcc': '', 'lug_nac': ''})
OrderedDict({'cedula': 2389342, 'nombre': 'CLODOCIR FRANCISCO', 'apellido': 'SONAGLIO GARCIA', 'fec_nac': 9580509, 'sexo': 2, 'direcc': '', 'lug_nac': ''})
OrderedDict({'cedula': 2207239, 'nombre': 'SOO', 'apellido': 'JING HAN', 'fec_nac': 9670618, 'sexo': 2, 'direcc': '', 'lug_nac': ''})
OrderedDict({'cedula': 1782936, 'nombre': 'ELIE BERNARD', 'apellido': 'MROZERK', 'fec_nac': 9551101, 'sexo': 2, 'direcc': '', 'lug_nac': ''})
OrderedDict({'cedula': 342942, 'nombre': 'JOSE', 'apellido': 'ZOLADKOWSKI', 'fec_nac': 9030918, 'sexo': 2, 'direcc': '', 'lug_nac': ''})
OrderedDict({'cedula': 409303, 'nombre': 'HIKARU', 'apellido': 'NARAKI', 'fec_nac': 9310302, 'sexo': 2, 'direcc': '', 'lug_nac': ''})
OrderedDict({'cedula': 983751, 'nombre': 'SACHIKO', 'apellido': 'NIHEI', 'fec_nac': 9550305, 'sexo': 2, 'direcc': '', 'lug_nac': ''})
OrderedDict({'cedula': 219356, 'nombre': 'ELLEN', 'apellido': 'SALOMON', 'fec_nac': 9080702, 'sexo': 2, 'direcc': '', 'lug_nac': ''})
OrderedDict({'cedula': 890378, 'nombre': 'PEDRO', 'apellido': 'BOZA ESPINOZA', 'fec_nac': 9280122, 'sexo': 2, 'direcc': '', 'lug_nac': ''})
OrderedDict({'cedula': 160499, 'nombre': 'TEODOSIO', 'apellido': 'OSKOMA', 'fec_nac': 9310610, 'sexo': 2, 'direcc': '', 'lug_nac': ''})
OrderedDict({'cedula': 161280, 'nombre': 'ELFRIEDE', 'apellido': 'RAKKO DE EHLERT', 'fec_nac': 9331227, 'sexo': 1, 'direcc': '', 'lug_nac': ''})
OrderedDict({'cedula': 202088, 'nombre': 'FREDERIC FRANCOIS', 'apellido': 'MARIE DENIS', 'fec_nac': 9230206, 'sexo': 2, 'direcc': '', 'lug_nac': ''})
OrderedDict({'cedula': 181036, 'nombre': 'FRANZ', 'apellido': 'JANZEN', 'fec_nac': 9330103, 'sexo': 2, 'direcc': '', 'lug_nac': ''})
OrderedDict({'cedula': 1614496, 'nombre': 'ANDREA VANESA', 'apellido': 'DI DIONISIO KALBERMATTER', 'fec_nac': 9800928, 'sexo': 1, 'direcc': '', 'lug_nac': ''})
OrderedDict({'cedula': 746112, 'nombre': 'IZKO', 'apellido': 'NATENZON POISNER', 'fec_nac': 10101, 'sexo': 2, 'direcc': '', 'lug_nac': ''})
OrderedDict({'cedula': 876690, 'nombre': 'JOHAM', 'apellido': 'WIEBC DE PRIES', 'fec_nac': 10101, 'sexo': 2, 'direcc': '', 'lug_nac': ''})
OrderedDict({'cedula': 51881, 'nombre': 'GUMERCINDA', 'apellido': 'ZALAZAR DE ESCOBAR', 'fec_nac': 9080306, 'sexo': 1, 'direcc': '', 'lug_nac': ''})
OrderedDict({'cedula': 329, 'nombre': 'SALVATORE', 'apellido': 'CAMITINI', 'fec_nac': 1010101, 'sexo': 2, 'direcc': '', 'lug_nac': ''})
OrderedDict({'cedula': 17746, 'nombre': 'ANTOLINA', 'apellido': 'DUARTE DE SILVA', 'fec_nac': 9120931, 'sexo': 1, 'direcc': '', 'lug_nac': ''})
OrderedDict({'cedula': 30046, 'nombre': 'ROMULO', 'apellido': 'PEREZ', 'fec_nac': 8860706, 'sexo': 2, 'direcc': '', 'lug_nac': ''})
OrderedDict({'cedula': 54527, 'nombre': 'JOSE MARIA', 'apellido': 'CASCO', 'fec_nac': 1010101, 'sexo': 2, 'direcc': '', 'lug_nac': ''})
OrderedDict({'cedula': 700398, 'nombre': 'SILVIA', 'apellido': 'GARCIA LOPEZ', 'fec_nac': 101, 'sexo': 1, 'direcc': '', 'lug_nac': ''})
OrderedDict({'cedula': 8500490, 'nombre': 'MIGUEL', 'apellido': 'CARDOZO', 'fec_nac': 9300929, 'sexo': 2, 'direcc': '', 'lug_nac': ''})
OrderedDict({'cedula': 8501507, 'nombre': 'RODOLFO MANUEL', 'apellido': 'FERREIRA NAVONI', 'fec_nac': 10101, 'sexo': 2, 'direcc': '', 'lug_nac': ''})
OrderedDict({'cedula': 8501670, 'nombre': 'JUAN MARIO', 'apellido': 'RAMIREZ', 'fec_nac': 1010101, 'sexo': 2, 'direcc': '', 'lug_nac': ''})
OrderedDict({'cedula': 8502101, 'nombre': 'ARCANGEL FELIX', 'apellido': 'MILORO', 'fec_nac': 1010101, 'sexo': 2, 'direcc': '', 'lug_nac': ''})
OrderedDict({'cedula': 8502102, 'nombre': 'SALUSTIANO LUIS', 'apellido': 'FRANCO', 'fec_nac': 1010101, 'sexo': 2, 'direcc': '', 'lug_nac': ''})
OrderedDict({'cedula': 298717, 'nombre': 'MARIO PASTOR', 'apellido': 'ALMADA INSFRAN', 'fec_nac': 10110, 'sexo': 2, 'direcc': '', 'lug_nac': ''})
OrderedDict({'cedula': 8509001, 'nombre': 'ANASTACIO', 'apellido': 'IBARRA', 'fec_nac': 10101, 'sexo': 2, 'direcc': '', 'lug_nac': ''})
OrderedDict({'cedula': 8509002, 'nombre': 'MIGUEL ANGEL', 'apellido': 'AYALA PEREIRA', 'fec_nac': 10101, 'sexo': 2, 'direcc': '', 'lug_nac': ''})
OrderedDict({'cedula': 8509011, 'nombre': 'LUIS ALBERTO', 'apellido': 'GONZALEZ', 'fec_nac': 10101, 'sexo': 2, 'direcc': '', 'lug_nac': ''})
OrderedDict({'cedula': 8509022, 'nombre': 'REGALADO EUSTAQUIO', 'apellido': 'AVALOS', 'fec_nac': 10101, 'sexo': 2, 'direcc': '', 'lug_nac': ''})
OrderedDict({'cedula': 8509341, 'nombre': 'LUIS', 'apellido': 'TROCHE BENITEZ', 'fec_nac': 10101, 'sexo': 2, 'direcc': 'PEDRO JUAN CABALLERO,B°.GUARANI', 'lug_nac': 'PEDRO JUAN CABALLERO'})
OrderedDict({'cedula': 8509988, 'nombre': 'HUGO', 'apellido': 'CUEVAS TORALES', 'fec_nac': 10101, 'sexo': 2, 'direcc': 'NO EXPRESA', 'lug_nac': 'NO EXPRESA'})
OrderedDict({'cedula': 8509971, 'nombre': 'MAURICIO', 'apellido': 'BOGADO VELAZQUEZ', 'fec_nac': 10101, 'sexo': 2, 'direcc': 'NARANJAL CDAD.PTE. STROESSNER', 'lug_nac': ''})
OrderedDict({'cedula': 8509972, 'nombre': 'RAMONA', 'apellido': 'RODRIGUEZ', 'fec_nac': 10101, 'sexo': 1, 'direcc': 'TTE. BENITEZ C/ AVDA. EUSEBIO AYALA', 'lug_nac': ''})
OrderedDict({'cedula': 8510332, 'nombre': 'HASSAND', 'apellido': 'HIUDI MUBAIMAD', 'fec_nac': 10101, 'sexo': 2, 'direcc': '', 'lug_nac': ''})
OrderedDict({'cedula': 8510331, 'nombre': 'DAKAR', 'apellido': 'AHMAF MUHAMMAD', 'fec_nac': 1010101, 'sexo': 2, 'direcc': '', 'lug_nac': ''})
OrderedDict({'cedula': 8510330, 'nombre': 'BARAKAT', 'apellido': 'FARIS', 'fec_nac': 1010101, 'sexo': 2, 'direcc': '', 'lug_nac': ''})
OrderedDict({'cedula': 8510329, 'nombre': 'BASSISU', 'apellido': 'AMIN', 'fec_nac': 1010101, 'sexo': 2, 'direcc': '', 'lug_nac': ''})
OrderedDict({'cedula': 8510343, 'nombre': 'ENRIQUE HAROLDO', 'apellido': 'GORRIARAN MERLO', 'fec_nac': 1010101, 'sexo': 2, 'direcc': '', 'lug_nac': ''})
OrderedDict({'cedula': 8510363, 'nombre': 'ITO', 'apellido': 'YEGROS VILLALBA', 'fec_nac': 10101, 'sexo': 2, 'direcc': '', 'lug_nac': 'CAAZAPA'})
OrderedDict({'cedula': 8510429, 'nombre': 'PATRICIO GASTON', 'apellido': 'TAPIA PEREZ', 'fec_nac': 10101, 'sexo': 2, 'direcc': '', 'lug_nac': ''})
OrderedDict({'cedula': 8510424, 'nombre': 'PEDRO CELESTINO', 'apellido': 'CANO', 'fec_nac': 10101, 'sexo': 2, 'direcc': '', 'lug_nac': ''})
OrderedDict({'cedula': 8510423, 'nombre': 'FRANCISCO DIONICIO', 'apellido': 'CABRERA', 'fec_nac': 10101, 'sexo': 2, 'direcc': '', 'lug_nac': ''})
OrderedDict({'cedula': 8510422, 'nombre': 'ARTEMIO', 'apellido': 'CRISTALDO', 'fec_nac': 10101, 'sexo': 2, 'direcc': '', 'lug_nac': ''})
OrderedDict({'cedula': 8510421, 'nombre': 'MELANIO', 'apellido': 'GUILLEN', 'fec_nac': 10101, 'sexo': 2, 'direcc': '', 'lug_nac': ''})
OrderedDict({'cedula': 8510565, 'nombre': 'JOSE CARLOS', 'apellido': 'MARTINS', 'fec_nac': 10101, 'sexo': 2, 'direcc': 'PEDRO J.CABALLERO', 'lug_nac': ''})
OrderedDict({'cedula': 8510763, 'nombre': 'VICTOR GERMAN', 'apellido': 'MAINERS', 'fec_nac': 10101, 'sexo': 1, 'direcc': '', 'lug_nac': ''})
OrderedDict({'cedula': 8510762, 'nombre': 'CECILIO', 'apellido': 'PARRA', 'fec_nac': 10101, 'sexo': 2, 'direcc': '', 'lug_nac': ''})
OrderedDict({'cedula': 8510850, 'nombre': 'RUBEN', 'apellido': 'AVEIRO GONZALEZ', 'fec_nac': 10101, 'sexo': 2, 'direcc': 'ARROYOS Y ESTEROS C#IA ITAKUA', 'lug_nac': 'ARROYOS Y ESTEROS'})
OrderedDict({'cedula': 8510888, 'nombre': 'EDILTRUDIS', 'apellido': 'ESPINOLA', 'fec_nac': 10101, 'sexo': 1, 'direcc': '', 'lug_nac': ''})
OrderedDict({'cedula': 8510891, 'nombre': 'GRACIELA', 'apellido': 'ARAUJO RODRIGUEZ', 'fec_nac': 10101, 'sexo': 1, 'direcc': '', 'lug_nac': ''})
OrderedDict({'cedula': 8511013, 'nombre': 'PANFILO', 'apellido': 'BAEZ ROTELA', 'fec_nac': 10101, 'sexo': 2, 'direcc': '', 'lug_nac': ''})
OrderedDict({'cedula': 8511006, 'nombre': 'LEONOR', 'apellido': 'AGUILERA RIVAS', 'fec_nac': 10101, 'sexo': 2, 'direcc': '', 'lug_nac': ''})
OrderedDict({'cedula': 8511025, 'nombre': 'SINDULFO', 'apellido': 'ARGUELLO', 'fec_nac': 10101, 'sexo': 2, 'direcc': '', 'lug_nac': ''})
OrderedDict({'cedula': 8511036, 'nombre': 'CESAR', 'apellido': 'LOPEZ ACOSTA', 'fec_nac': 1010101, 'sexo': 2, 'direcc': 'CORONEL OVIEDO', 'lug_nac': ''})
OrderedDict({'cedula': 8511056, 'nombre': 'MIGUEL ANGEL', 'apellido': 'GARCIA', 'fec_nac': 1010101, 'sexo': 2, 'direcc': '', 'lug_nac': ''})
OrderedDict({'cedula': 8511054, 'nombre': 'CECILIA', 'apellido': 'BENITEZ ARGUELLO', 'fec_nac': 1010101, 'sexo': 1, 'direcc': '', 'lug_nac': ''})
OrderedDict({'cedula': 8511050, 'nombre': 'PEDRO ANTONIO', 'apellido': 'FERNANDEZ FERNANDEZ', 'fec_nac': 1010101, 'sexo': 2, 'direcc': '', 'lug_nac': ''})
OrderedDict({'cedula': 8511076, 'nombre': 'VALENTIN', 'apellido': 'PEREIRA', 'fec_nac': 1010101, 'sexo': 2, 'direcc': 'B° REPUBLICANO', 'lug_nac': ''})
OrderedDict({'cedula': 8511193, 'nombre': 'MARIO', 'apellido': 'JARA BENITEZ', 'fec_nac': 10101, 'sexo': 2, 'direcc': '', 'lug_nac': ''})
OrderedDict({'cedula': 8511192, 'nombre': 'MIGUEL ANGEL', 'apellido': 'DARROSA ROJAS', 'fec_nac': 10101, 'sexo': 2, 'direcc': '', 'lug_nac': ''})
OrderedDict({'cedula': 8511188, 'nombre': 'APRONIANO', 'apellido': 'ZARATE AREVALOS', 'fec_nac': 10101, 'sexo': 2, 'direcc': '', 'lug_nac': ''})
OrderedDict({'cedula': 8511187, 'nombre': 'PAULO ROBERTO', 'apellido': 'DE SOUZA', 'fec_nac': 10101, 'sexo': 2, 'direcc': 'PUNTA PORA (BRASIL)', 'lug_nac': 'CAMPO GRANDE'})
OrderedDict({'cedula': 8511237, 'nombre': 'ARI', 'apellido': 'CARNEIRO CARVALHO', 'fec_nac': 1010101, 'sexo': 2, 'direcc': 'NO EXPRESA DOMICILIO', 'lug_nac': 'NO EXPRESA'})
OrderedDict({'cedula': 8511236, 'nombre': 'FRANCISCO', 'apellido': 'RODRIGUEZ PEREDES', 'fec_nac': 1010101, 'sexo': 2, 'direcc': 'NO EXPRESA DOMICILIO', 'lug_nac': 'NO EXPRESA'})
OrderedDict({'cedula': 8511232, 'nombre': 'CLAUDIO', 'apellido': 'FLORES ACOSTA', 'fec_nac': 1010101, 'sexo': 2, 'direcc': 'NO EXPRESA DIRECCION', 'lug_nac': 'NO EXPRESA'})
OrderedDict({'cedula': 8511231, 'nombre': 'PEDRO ALCANTARA', 'apellido': 'DOMINGUEZ BENITEZ', 'fec_nac': 1010101, 'sexo': 2, 'direcc': '', 'lug_nac': 'YBYCU-I'})
OrderedDict({'cedula': 8511230, 'nombre': 'ALEJANDRO', 'apellido': 'LOPEZ', 'fec_nac': 1010101, 'sexo': 2, 'direcc': 'NO EXPRESA DOMICILIO', 'lug_nac': 'NO EXPRESA'})
OrderedDict({'cedula': 8511229, 'nombre': 'ARISTIDES', 'apellido': 'LOPEZ', 'fec_nac': 1010101, 'sexo': 2, 'direcc': 'NO EXPRESA DOMICILIO', 'lug_nac': 'NO EXPRESA'})
OrderedDict({'cedula': 8511228, 'nombre': 'LUIS', 'apellido': 'FUGI KITA', 'fec_nac': 1010101, 'sexo': 2, 'direcc': 'NO EXPRESA DOMICILIO', 'lug_nac': 'NO EXPRESA'})
OrderedDict({'cedula': 8511224, 'nombre': 'SHIRLEY', 'apellido': 'VILLAR DE SUAREZ', 'fec_nac': 1010101, 'sexo': 1, 'direcc': 'NO EXPRESA DOMICILIO', 'lug_nac': 'NO EXPRESA'})
OrderedDict({'cedula': 8511300, 'nombre': 'NERY', 'apellido': 'ECHEVERRIA', 'fec_nac': 10101, 'sexo': 2, 'direcc': '', 'lug_nac': ''})
OrderedDict({'cedula': 8511299, 'nombre': 'ELISEO', 'apellido': 'SEGOVIA FERREIRA', 'fec_nac': 10101, 'sexo': 2, 'direcc': '', 'lug_nac': 'CAAGUAZU'})
OrderedDict({'cedula': 8511297, 'nombre': 'PEDRO', 'apellido': 'VILLALBA BARBOZA', 'fec_nac': 10101, 'sexo': 2, 'direcc': '', 'lug_nac': ''})
OrderedDict({'cedula': 8511281, 'nombre': 'VICENTE', 'apellido': 'ROMERO LUGO', 'fec_nac': 10101, 'sexo': 2, 'direcc': '', 'lug_nac': ''})
OrderedDict({'cedula': 8511279, 'nombre': 'MARIA MERCEDES', 'apellido': 'CABRERA BENITEZ', 'fec_nac': 10101, 'sexo': 1, 'direcc': '', 'lug_nac': ''})
OrderedDict({'cedula': 8511383, 'nombre': 'ROMAN', 'apellido': 'AYALA ARGUELLO', 'fec_nac': 1010101, 'sexo': 2, 'direcc': '', 'lug_nac': ''})
OrderedDict({'cedula': 8511371, 'nombre': 'ERISO', 'apellido': 'DE ALMEIDA', 'fec_nac': 1010101, 'sexo': 2, 'direcc': '', 'lug_nac': ''})
OrderedDict({'cedula': 8511369, 'nombre': 'FRANCISCO', 'apellido': 'MOREL VERA', 'fec_nac': 1010101, 'sexo': 2, 'direcc': '', 'lug_nac': ''})
OrderedDict({'cedula': 8511499, 'nombre': 'LUCIMAR DE FATIMA', 'apellido': 'ROSA VDA DE RIVEIRO', 'fec_nac': 10101, 'sexo': 2, 'direcc': '', 'lug_nac': ''})
OrderedDict({'cedula': 8511496, 'nombre': 'JULIO CESAR', 'apellido': 'LORENZI', 'fec_nac': 10101, 'sexo': 2, 'direcc': '', 'lug_nac': ''})
OrderedDict({'cedula': 8511493, 'nombre': 'REMIGIO', 'apellido': 'BENEGAS AMARILLA', 'fec_nac': 10101, 'sexo': 2, 'direcc': 'SAN BLAS (UNION)', 'lug_nac': 'CARAGUATAY'})
OrderedDict({'cedula': 8511443, 'nombre': 'DIONISIO', 'apellido': 'VEGA VALENZUELA', 'fec_nac': 1010101, 'sexo': 2, 'direcc': '', 'lug_nac': ''})
OrderedDict({'cedula': 8511444, 'nombre': 'LEONCIO', 'apellido': 'DE LEON', 'fec_nac': 1010101, 'sexo': 2, 'direcc': 'SIN EXPRESION DE DOMICILIO', 'lug_nac': 'NO EXPRESA'})
OrderedDict({'cedula': 8511446, 'nombre': 'INOCENCIO', 'apellido': 'VERA', 'fec_nac': 1010101, 'sexo': 2, 'direcc': '', 'lug_nac': 'HORQUETA'})
OrderedDict({'cedula': 8511488, 'nombre': 'FAUSTINO', 'apellido': 'BENEGAS CANTERO', 'fec_nac': 10101, 'sexo': 2, 'direcc': 'SAN BLAS (UNION)', 'lug_nac': 'UNION'})
OrderedDict({'cedula': 8511416, 'nombre': 'RAMON', 'apellido': 'VIANA LIVARDI', 'fec_nac': 1010101, 'sexo': 2, 'direcc': 'NO EXPRESA', 'lug_nac': 'NO EXPRESA'})
OrderedDict({'cedula': 8511430, 'nombre': 'ROBERTO', 'apellido': 'LOPEZ', 'fec_nac': 1010101, 'sexo': 2, 'direcc': 'NO EXPRESA', 'lug_nac': 'NO EXPRESA'})
OrderedDict({'cedula': 8511432, 'nombre': 'ADALTO FULGENCIO', 'apellido': 'FERREIRA', 'fec_nac': 1010101, 'sexo': 2, 'direcc': 'NO EXPRESA', 'lug_nac': 'NO EXPRESA'})
OrderedDict({'cedula': 8511433, 'nombre': 'EUDELIO RAMON', 'apellido': 'MARTINEZ', 'fec_nac': 1010101, 'sexo': 2, 'direcc': 'NO EXPRESA', 'lug_nac': 'NO EXPRESA'})
OrderedDict({'cedula': 8511434, 'nombre': 'MARCIANO', 'apellido': 'GUILLEN VILLALBA', 'fec_nac': 1010101, 'sexo': 2, 'direcc': '', 'lug_nac': ''})
OrderedDict({'cedula': 8511519, 'nombre': 'MARCELINO', 'apellido': 'ACHAR VALENZUELA', 'fec_nac': 10101, 'sexo': 2, 'direcc': '', 'lug_nac': ''})
OrderedDict({'cedula': 8511518, 'nombre': 'PEDRO', 'apellido': 'ORTUOSTE', 'fec_nac': 10101, 'sexo': 2, 'direcc': '', 'lug_nac': ''})
OrderedDict({'cedula': 8511516, 'nombre': 'LUIS ALBERTO', 'apellido': 'LLANES', 'fec_nac': 10101, 'sexo': 2, 'direcc': 'LAMBARE', 'lug_nac': 'ACAHAY'})
OrderedDict({'cedula': 8511507, 'nombre': 'SERGIO', 'apellido': 'BENITEZ', 'fec_nac': 10101, 'sexo': 2, 'direcc': '', 'lug_nac': ''})
OrderedDict({'cedula': 8511627, 'nombre': 'JOSE NESTOR', 'apellido': 'RESQUIN', 'fec_nac': 1010101, 'sexo': 2, 'direcc': 'NO EXPRESA', 'lug_nac': 'NO EXPRESA'})
OrderedDict({'cedula': 8511611, 'nombre': 'MARCIAL', 'apellido': 'ARMOA', 'fec_nac': 1010101, 'sexo': 2, 'direcc': 'NO EXPRESA', 'lug_nac': 'NO EXPRESA'})
OrderedDict({'cedula': 8511610, 'nombre': 'MARCOS', 'apellido': 'BENITEZ', 'fec_nac': 1010101, 'sexo': 2, 'direcc': 'NO EXPRESA', 'lug_nac': 'NO EXPRESA'})
OrderedDict({'cedula': 8511639, 'nombre': 'CESARIO', 'apellido': 'BANITEZ', 'fec_nac': 1010101, 'sexo': 2, 'direcc': 'NO EXPRESA', 'lug_nac': 'NO EXPRESA'})
OrderedDict({'cedula': 8511685, 'nombre': 'ADALBERTO CARLOS', 'apellido': 'DE CARBALHO', 'fec_nac': 10101, 'sexo': 2, 'direcc': '', 'lug_nac': ''})
OrderedDict({'cedula': 8511683, 'nombre': 'ANSELMO VIDAL', 'apellido': 'RECALDE', 'fec_nac': 10101, 'sexo': 2, 'direcc': '', 'lug_nac': ''})
OrderedDict({'cedula': 8511681, 'nombre': 'CARLOS', 'apellido': 'PEREIRA ARIAS', 'fec_nac': 10101, 'sexo': 2, 'direcc': 'CAAZAPA - PUEBLO', 'lug_nac': 'CAAZAPA'})
OrderedDict({'cedula': 8511679, 'nombre': 'ESTANISLAO', 'apellido': 'ESPINOLA BAEZ', 'fec_nac': 10101, 'sexo': 2, 'direcc': 'SANTA ROSA - HOHENAU', 'lug_nac': ''})
OrderedDict({'cedula': 8511674, 'nombre': 'ELIGIO', 'apellido': 'INSFRAN GALEANO', 'fec_nac': 10101, 'sexo': 2, 'direcc': '', 'lug_nac': ''})
OrderedDict({'cedula': 8511673, 'nombre': 'MAXIMIANO', 'apellido': 'RAMIREZ RIOS', 'fec_nac': 10101, 'sexo': 2, 'direcc': '', 'lug_nac': ''})
OrderedDict({'cedula': 8511655, 'nombre': 'EUGENIO', 'apellido': 'ROJAS ROJAS', 'fec_nac': 1010101, 'sexo': 2, 'direcc': '', 'lug_nac': ''})
OrderedDict({'cedula': 8511656, 'nombre': 'AIRTON', 'apellido': 'DO NASCIMIENTO RODRIGUEZ', 'fec_nac': 1010101, 'sexo': 2, 'direcc': '', 'lug_nac': ''})
OrderedDict({'cedula': 8511657, 'nombre': 'CASIMIRO', 'apellido': 'CAPDEVILA', 'fec_nac': 1010101, 'sexo': 2, 'direcc': '', 'lug_nac': ''})
OrderedDict({'cedula': 8511809, 'nombre': 'LUIS CARLOS', 'apellido': 'SOUSA', 'fec_nac': 10101, 'sexo': 2, 'direcc': 'MINA GERAI BRASIL', 'lug_nac': 'MINA GERAI'})
OrderedDict({'cedula': 8511808, 'nombre': 'DIGNO', 'apellido': 'GALEANO', 'fec_nac': 10101, 'sexo': 2, 'direcc': '', 'lug_nac': ''})
OrderedDict({'cedula': 8511862, 'nombre': 'MILTON CESAR', 'apellido': 'GONCALVEZ DOS SANTOS', 'fec_nac': 1010101, 'sexo': 2, 'direcc': 'NO EXPRESA', 'lug_nac': 'NO EXPRESA'})
OrderedDict({'cedula': 8511806, 'nombre': 'LUIS ANTONIO', 'apellido': 'FARIÑA DUARTE', 'fec_nac': 10101, 'sexo': 2, 'direcc': 'B°SANTO DOMINGO KM.8 MONDAY', 'lug_nac': ''})
OrderedDict({'cedula': 8511861, 'nombre': 'MACIMO', 'apellido': 'MENDEZ', 'fec_nac': 1010101, 'sexo': 2, 'direcc': 'NO EXPRESA', 'lug_nac': 'NO EXPRESA'})
OrderedDict({'cedula': 8511804, 'nombre': 'CRESCENCIO', 'apellido': 'CARRACELA DUARTE', 'fec_nac': 10101, 'sexo': 2, 'direcc': 'ITACURUBI DEL ROSARIO', 'lug_nac': 'ITAC.DEL ROSARIO'})
OrderedDict({'cedula': 8511860, 'nombre': 'OSCAR GUIDO', 'apellido': 'VALLEJOS', 'fec_nac': 1010101, 'sexo': 2, 'direcc': 'NO EXPRESA', 'lug_nac': 'NO EXPRESA'})
OrderedDict({'cedula': 8511791, 'nombre': 'ARSENIO', 'apellido': 'CABALLERO', 'fec_nac': 10101, 'sexo': 2, 'direcc': '', 'lug_nac': ''})
OrderedDict({'cedula': 8511854, 'nombre': 'DANIEL', 'apellido': 'FRUTOS', 'fec_nac': 1010101, 'sexo': 2, 'direcc': 'B° TERMINAL', 'lug_nac': 'ASUNCION'})
OrderedDict({'cedula': 8511850, 'nombre': 'MARIANO', 'apellido': 'DUARTE', 'fec_nac': 1010101, 'sexo': 2, 'direcc': 'NO EXPRESA', 'lug_nac': 'NO EXPRESA'})
OrderedDict({'cedula': 8511846, 'nombre': 'LUIS', 'apellido': 'BENITEZ', 'fec_nac': 1010101, 'sexo': 2, 'direcc': 'NO EXPRESA', 'lug_nac': 'PEDRO JUAN CABALLERO'})
OrderedDict({'cedula': 8511843, 'nombre': 'EDGAR RAMON', 'apellido': 'SOTELO', 'fec_nac': 1010101, 'sexo': 2, 'direcc': 'SAN CARLOS DISTRITO LA PAZ', 'lug_nac': 'GENERAL ARTIGAS'})
OrderedDict({'cedula': 8511762, 'nombre': 'FLORENCIO', 'apellido': 'ARGUELLO', 'fec_nac': 1010101, 'sexo': 2, 'direcc': 'NO EXPRESA', 'lug_nac': 'NO EXPRESA'})
OrderedDict({'cedula': 8511838, 'nombre': 'EMERSON JOSE', 'apellido': 'PEREIRA', 'fec_nac': 1010101, 'sexo': 2, 'direcc': 'NO EXPRESA', 'lug_nac': 'NO EXPRESA'})
OrderedDict({'cedula': 8511824, 'nombre': 'JUAN', 'apellido': 'AYALA MARTINEZ', 'fec_nac': 1010101, 'sexo': 2, 'direcc': 'CAMBY RETA', 'lug_nac': 'NO EXPRESA'})
OrderedDict({'cedula': 8511899, 'nombre': 'PORFIRIO JUSTO', 'apellido': 'SANABRIA', 'fec_nac': 1010101, 'sexo': 2, 'direcc': 'NO EXPRESA', 'lug_nac': 'NO EXPRESA'})
OrderedDict({'cedula': 8511896, 'nombre': 'IGNACIO', 'apellido': 'GONZALEZ', 'fec_nac': 1010101, 'sexo': 2, 'direcc': 'NO EXPRESA', 'lug_nac': 'NO EXPRESA'})
OrderedDict({'cedula': 8511894, 'nombre': 'MAXIMO', 'apellido': 'GONZALEZ', 'fec_nac': 1010101, 'sexo': 2, 'direcc': 'NO EXPRESA', 'lug_nac': 'NO EXPRESA'})
OrderedDict({'cedula': 8511895, 'nombre': 'SERGIO', 'apellido': 'GONZALEZ', 'fec_nac': 1010101, 'sexo': 2, 'direcc': 'NO EXPRESA', 'lug_nac': 'NO EXPRESA'})
OrderedDict({'cedula': 8511960, 'nombre': 'PATROCINIO', 'apellido': 'MARTINEZ BRITEZ', 'fec_nac': 10101, 'sexo': 2, 'direcc': '', 'lug_nac': ''})
OrderedDict({'cedula': 8511959, 'nombre': 'JUSTINO', 'apellido': 'ALMIRON SAUCEDO', 'fec_nac': 10101, 'sexo': 2, 'direcc': '', 'lug_nac': ''})
OrderedDict({'cedula': 8511958, 'nombre': 'ELENO MARIO', 'apellido': 'ESCOBAR', 'fec_nac': 10101, 'sexo': 2, 'direcc': '', 'lug_nac': ''})
OrderedDict({'cedula': 8511989, 'nombre': 'EPIFANIO', 'apellido': 'BRITOS', 'fec_nac': 10101, 'sexo': 2, 'direcc': '', 'lug_nac': ''})
OrderedDict({'cedula': 8511988, 'nombre': 'RUBEN', 'apellido': 'BARRETO', 'fec_nac': 10101, 'sexo': 2, 'direcc': '', 'lug_nac': ''})
OrderedDict({'cedula': 8511987, 'nombre': 'ARNALDO', 'apellido': 'BARRETO', 'fec_nac': 10101, 'sexo': 2, 'direcc': '', 'lug_nac': ''})
OrderedDict({'cedula': 8511986, 'nombre': 'JESUINO', 'apellido': 'BARRETO', 'fec_nac': 10101, 'sexo': 2, 'direcc': '', 'lug_nac': ''})
OrderedDict({'cedula': 8511984, 'nombre': 'MANUEL', 'apellido': 'CABRERA GAMARRA', 'fec_nac': 10101, 'sexo': 2, 'direcc': "B°LUZ BELLA BRASIL Y O'LEARY (P.J.C.)", 'lug_nac': ''})
OrderedDict({'cedula': 8511979, 'nombre': 'ROBERTO', 'apellido': 'HEEP', 'fec_nac': 10101, 'sexo': 2, 'direcc': '', 'lug_nac': ''})
OrderedDict({'cedula': 8511937, 'nombre': 'TEOFILO', 'apellido': 'BENITEZ MOLINAS', 'fec_nac': 1010101, 'sexo': 2, 'direcc': 'FUERTE OLIMPO', 'lug_nac': 'FUERTE OLIMPO'})
OrderedDict({'cedula': 8511935, 'nombre': 'RAMON', 'apellido': 'CENTURION', 'fec_nac': 1010101, 'sexo': 2, 'direcc': 'NO EXPRESA', 'lug_nac': 'NO EXPRESA'})
OrderedDict({'cedula': 8511934, 'nombre': 'JULIO CESAR', 'apellido': 'LESME RECALDE', 'fec_nac': 1010101, 'sexo': 2, 'direcc': 'NO EXPRESA', 'lug_nac': 'NO EXPRESA'})
OrderedDict({'cedula': 8511930, 'nombre': 'ESTEBAN', 'apellido': 'PEREIRA', 'fec_nac': 1010101, 'sexo': 2, 'direcc': 'P.J.CABALLERO B°BERNARDINO CABALLERO', 'lug_nac': 'NO EXPRESA'})
OrderedDict({'cedula': 8511924, 'nombre': 'RAMON', 'apellido': 'GONZALEZ', 'fec_nac': 1010101, 'sexo': 2, 'direcc': 'VILLA DEL ROSARIO', 'lug_nac': '25 DE DICIEMBRE'})
OrderedDict({'cedula': 8511922, 'nombre': 'EMILIANO', 'apellido': 'AQUINO BENITEZ', 'fec_nac': 1010101, 'sexo': 2, 'direcc': 'NO EXPRESA', 'lug_nac': 'NO EXPRESA'})
OrderedDict({'cedula': 8512153, 'nombre': 'OSCAR LUCIANO', 'apellido': 'SOTELO LOPEZ', 'fec_nac': 10101, 'sexo': 2, 'direcc': 'JUAN M. MALLORQUIN', 'lug_nac': 'NO EXPRESA'})
OrderedDict({'cedula': 8512151, 'nombre': 'HIGINIO', 'apellido': 'BENITEZ TORRES', 'fec_nac': 1010101, 'sexo': 2, 'direcc': 'GRAL. ELIZARDO AQUINO', 'lug_nac': 'NO EXPRESA'})
OrderedDict({'cedula': 8512148, 'nombre': 'JOSE', 'apellido': 'VALENZUELA PRIETO', 'fec_nac': 1010101, 'sexo': 2, 'direcc': 'ITAPUA POTY - ENCARNACION', 'lug_nac': 'ENCARNANCION'})
OrderedDict({'cedula': 8512147, 'nombre': 'IRANI', 'apellido': 'LENZ', 'fec_nac': 1010101, 'sexo': 2, 'direcc': 'NO EXPRESA', 'lug_nac': 'NO EXPRESA'})
OrderedDict({'cedula': 8512138, 'nombre': 'NESTOR', 'apellido': 'GONZALEZ', 'fec_nac': 1010101, 'sexo': 2, 'direcc': 'NO EXPRESA', 'lug_nac': 'NO EXPRESA'})
OrderedDict({'cedula': 1, 'nombre': 'CARLOS', 'apellido': 'SILVA', 'fec_nac': 13101884, 'sexo': 2, 'direcc': 'MONTEVIDEO E/CNEL MARTINEZ Y HUMAITA', 'lug_nac': 'ASUNCION'})
OrderedDict({'cedula': 3967878, 'nombre': 'ROSA', 'apellido': 'CABAÑAS DE RECALDE', 'fec_nac': 19690229, 'sexo': 1, 'direcc': 'B° 8 DE DICIEMBRE - CHORE', 'lug_nac': 'COLONIA CHORE'})
